# JRE version: OpenJDK Runtime Environment Temurin-21.0.9+10 (21.0.9+10) (build 21.0.9+10-LTS)
# Java VM: OpenJDK 64-Bit Server VM Temurin-21.0.9+10 (21.0.9+10-LTS, mixed mode, sharing, tiered, compressed oops, compressed class ptrs, parallel gc, windows-amd64)
GC Precious Log:
 CardTable entry size: 512
 CPUs: 12 total, 12 available
 Memory: 16068M
 Large Page Support: Disabled
 NUMA Support: Disabled
 Compressed Oops: Enabled (32-bit)
 Alignments: Space 512K, Generation 512K, Heap 2M
 Heap Min Capacity: 100M
 Heap Initial Capacity: 100M
 Heap Max Capacity: 2G
 Pre-touch: Disabled
 Parallel Workers: 10
Heap:
 PSYoungGen      total 8192K, used 3046K [0x00000000d5580000, 0x00000000d6000000, 0x0000000100000000)
  eden space 7168K, 33% used [0x00000000d5580000,0x00000000d57dc720,0x00000000d5c80000)
  from space 1024K, 61% used [0x00000000d5e00000,0x00000000d5e9d200,0x00000000d5f00000)
  to   space 1024K, 0% used [0x00000000d5f00000,0x00000000d5f00000,0x00000000d6000000)
 ParOldGen       total 1046528K, used 1044946K [0x0000000080000000, 0x00000000bfe00000, 0x00000000d5580000)
  object space 1046528K, 99% used [0x0000000080000000,0x00000000bfc748b0,0x00000000bfe00000)
 Metaspace       used 76717K, committed 78272K, reserved 1179648K
  class space    used 8206K, committed 8896K, reserved 1048576K
GC Heap History (20 events):
Event: 185.159 GC heap before
{Heap before GC invocations=1533 (full 3):
 PSYoungGen      total 8704K, used 7906K [0x00000000d5580000, 0x00000000d6280000, 0x0000000100000000)
  eden space 4096K, 99% used [0x00000000d5580000,0x00000000d597ff78,0x00000000d5980000)
  from space 4608K, 82% used [0x00000000d5980000,0x00000000d5d38c00,0x00000000d5e00000)
  to   space 4096K, 0% used [0x00000000d5e80000,0x00000000d5e80000,0x00000000d6280000)
 ParOldGen       total 934400K, used 934299K [0x0000000080000000, 0x00000000b9080000, 0x00000000d5580000)
  object space 934400K, 99% used [0x0000000080000000,0x00000000b9066f90,0x00000000b9080000)
 Metaspace       used 73705K, committed 75328K, reserved 1179648K
  class space    used 7908K, committed 8640K, reserved 1048576K
}
Event: 185.163 GC heap after
{Heap after GC invocations=1533 (full 3):
 PSYoungGen      total 6656K, used 1472K [0x00000000d5580000, 0x00000000d6000000, 0x0000000100000000)
  eden space 5120K, 0% used [0x00000000d5580000,0x00000000d5580000,0x00000000d5a80000)
  from space 1536K, 95% used [0x00000000d5e80000,0x00000000d5ff0010,0x00000000d6000000)
  to   space 2560K, 0% used [0x00000000d5b00000,0x00000000d5b00000,0x00000000d5d80000)
 ParOldGen       total 938496K, used 937995K [0x0000000080000000, 0x00000000b9480000, 0x00000000d5580000)
  object space 938496K, 99% used [0x0000000080000000,0x00000000b9402f90,0x00000000b9480000)
 Metaspace       used 73705K, committed 75328K, reserved 1179648K
  class space    used 7908K, committed 8640K, reserved 1048576K
}
Event: 185.198 GC heap before
{Heap before GC invocations=1534 (full 3):
 PSYoungGen      total 6656K, used 6592K [0x00000000d5580000, 0x00000000d6000000, 0x0000000100000000)
  eden space 5120K, 100% used [0x00000000d5580000,0x00000000d5a80000,0x00000000d5a80000)
  from space 1536K, 95% used [0x00000000d5e80000,0x00000000d5ff0010,0x00000000d6000000)
  to   space 2560K, 0% used [0x00000000d5b00000,0x00000000d5b00000,0x00000000d5d80000)
 ParOldGen       total 938496K, used 937995K [0x0000000080000000, 0x00000000b9480000, 0x00000000d5580000)
  object space 938496K, 99% used [0x0000000080000000,0x00000000b9402f90,0x00000000b9480000)
 Metaspace       used 74003K, committed 75584K, reserved 1179648K
  class space    used 7940K, committed 8640K, reserved 1048576K
}
Event: 185.202 GC heap after
{Heap after GC invocations=1534 (full 3):
 PSYoungGen      total 8192K, used 2560K [0x00000000d5580000, 0x00000000d6380000, 0x0000000100000000)
  eden space 5632K, 0% used [0x00000000d5580000,0x00000000d5580000,0x00000000d5b00000)
  from space 2560K, 100% used [0x00000000d5b00000,0x00000000d5d80000,0x00000000d5d80000)
  to   space 4096K, 0% used [0x00000000d5f80000,0x00000000d5f80000,0x00000000d6380000)
 ParOldGen       total 939008K, used 938931K [0x0000000080000000, 0x00000000b9500000, 0x00000000d5580000)
  object space 939008K, 99% used [0x0000000080000000,0x00000000b94ecfb0,0x00000000b9500000)
 Metaspace       used 74003K, committed 75584K, reserved 1179648K
  class space    used 7940K, committed 8640K, reserved 1048576K
}
Event: 185.249 GC heap before
{Heap before GC invocations=1535 (full 3):
 PSYoungGen      total 8192K, used 8192K [0x00000000d5580000, 0x00000000d6380000, 0x0000000100000000)
  eden space 5632K, 100% used [0x00000000d5580000,0x00000000d5b00000,0x00000000d5b00000)
  from space 2560K, 100% used [0x00000000d5b00000,0x00000000d5d80000,0x00000000d5d80000)
  to   space 4096K, 0% used [0x00000000d5f80000,0x00000000d5f80000,0x00000000d6380000)
 ParOldGen       total 939008K, used 938931K [0x0000000080000000, 0x00000000b9500000, 0x00000000d5580000)
  object space 939008K, 99% used [0x0000000080000000,0x00000000b94ecfb0,0x00000000b9500000)
 Metaspace       used 74438K, committed 76096K, reserved 1179648K
  class space    used 7976K, committed 8704K, reserved 1048576K
}
Event: 185.254 GC heap after
{Heap after GC invocations=1535 (full 3):
 PSYoungGen      total 8704K, used 2718K [0x00000000d5580000, 0x00000000d6280000, 0x0000000100000000)
  eden space 5632K, 0% used [0x00000000d5580000,0x00000000d5580000,0x00000000d5b00000)
  from space 3072K, 88% used [0x00000000d5f80000,0x00000000d62279a0,0x00000000d6280000)
  to   space 3072K, 0% used [0x00000000d5c80000,0x00000000d5c80000,0x00000000d5f80000)
 ParOldGen       total 941568K, used 941435K [0x0000000080000000, 0x00000000b9780000, 0x00000000d5580000)
  object space 941568K, 99% used [0x0000000080000000,0x00000000b975efb0,0x00000000b9780000)
 Metaspace       used 74438K, committed 76096K, reserved 1179648K
  class space    used 7976K, committed 8704K, reserved 1048576K
}
Event: 185.269 GC heap before
{Heap before GC invocations=1536 (full 3):
 PSYoungGen      total 8704K, used 8350K [0x00000000d5580000, 0x00000000d6280000, 0x0000000100000000)
  eden space 5632K, 99% used [0x00000000d5580000,0x00000000d5affff8,0x00000000d5b00000)
  from space 3072K, 88% used [0x00000000d5f80000,0x00000000d62279a0,0x00000000d6280000)
  to   space 3072K, 0% used [0x00000000d5c80000,0x00000000d5c80000,0x00000000d5f80000)
 ParOldGen       total 941568K, used 941435K [0x0000000080000000, 0x00000000b9780000, 0x00000000d5580000)
  object space 941568K, 99% used [0x0000000080000000,0x00000000b975efb0,0x00000000b9780000)
 Metaspace       used 74456K, committed 76096K, reserved 1179648K
  class space    used 7979K, committed 8704K, reserved 1048576K
}
Event: 185.274 GC heap after
{Heap after GC invocations=1536 (full 3):
 PSYoungGen      total 8704K, used 3066K [0x00000000d5580000, 0x00000000d6900000, 0x0000000100000000)
  eden space 5632K, 0% used [0x00000000d5580000,0x00000000d5580000,0x00000000d5b00000)
  from space 3072K, 99% used [0x00000000d5c80000,0x00000000d5f7e920,0x00000000d5f80000)
  to   space 7168K, 0% used [0x00000000d6200000,0x00000000d6200000,0x00000000d6900000)
 ParOldGen       total 945152K, used 944814K [0x0000000080000000, 0x00000000b9b00000, 0x00000000d5580000)
  object space 945152K, 99% used [0x0000000080000000,0x00000000b9aabbe0,0x00000000b9b00000)
 Metaspace       used 74456K, committed 76096K, reserved 1179648K
  class space    used 7979K, committed 8704K, reserved 1048576K
}
Event: 185.291 GC heap before
{Heap before GC invocations=1537 (full 3):
 PSYoungGen      total 8704K, used 8698K [0x00000000d5580000, 0x00000000d6900000, 0x0000000100000000)
  eden space 5632K, 100% used [0x00000000d5580000,0x00000000d5b00000,0x00000000d5b00000)
  from space 3072K, 99% used [0x00000000d5c80000,0x00000000d5f7e920,0x00000000d5f80000)
  to   space 7168K, 0% used [0x00000000d6200000,0x00000000d6200000,0x00000000d6900000)
 ParOldGen       total 976896K, used 975535K [0x0000000080000000, 0x00000000bba00000, 0x00000000d5580000)
  object space 976896K, 99% used [0x0000000080000000,0x00000000bb8abc10,0x00000000bba00000)
 Metaspace       used 74526K, committed 76160K, reserved 1179648K
  class space    used 7984K, committed 8704K, reserved 1048576K
}
Event: 185.298 GC heap after
{Heap after GC invocations=1537 (full 3):
 PSYoungGen      total 10752K, used 3534K [0x00000000d5580000, 0x00000000d6580000, 0x0000000100000000)
  eden space 7168K, 0% used [0x00000000d5580000,0x00000000d5580000,0x00000000d5c80000)
  from space 3584K, 98% used [0x00000000d6200000,0x00000000d6573a50,0x00000000d6580000)
  to   space 4608K, 0% used [0x00000000d5c80000,0x00000000d5c80000,0x00000000d6100000)
 ParOldGen       total 978944K, used 978584K [0x0000000080000000, 0x00000000bbc00000, 0x00000000d5580000)
  object space 978944K, 99% used [0x0000000080000000,0x00000000bbba60e0,0x00000000bbc00000)
 Metaspace       used 74526K, committed 76160K, reserved 1179648K
  class space    used 7984K, committed 8704K, reserved 1048576K
}
Event: 185.367 GC heap before
{Heap before GC invocations=1538 (full 3):
 PSYoungGen      total 10752K, used 10697K [0x00000000d5580000, 0x00000000d6580000, 0x0000000100000000)
  eden space 7168K, 99% used [0x00000000d5580000,0x00000000d5c7ec10,0x00000000d5c80000)
  from space 3584K, 98% used [0x00000000d6200000,0x00000000d6573a50,0x00000000d6580000)
  to   space 4608K, 0% used [0x00000000d5c80000,0x00000000d5c80000,0x00000000d6100000)
 ParOldGen       total 978944K, used 978584K [0x0000000080000000, 0x00000000bbc00000, 0x00000000d5580000)
  object space 978944K, 99% used [0x0000000080000000,0x00000000bbba60e0,0x00000000bbc00000)
 Metaspace       used 74964K, committed 76608K, reserved 1179648K
  class space    used 8035K, committed 8768K, reserved 1048576K
}
Event: 185.371 GC heap after
{Heap after GC invocations=1538 (full 3):
 PSYoungGen      total 8704K, used 1372K [0x00000000d5580000, 0x00000000d6280000, 0x0000000100000000)
  eden space 7168K, 0% used [0x00000000d5580000,0x00000000d5580000,0x00000000d5c80000)
  from space 1536K, 89% used [0x00000000d5c80000,0x00000000d5dd7188,0x00000000d5e00000)
  to   space 2560K, 0% used [0x00000000d6000000,0x00000000d6000000,0x00000000d6280000)
 ParOldGen       total 982016K, used 981552K [0x0000000080000000, 0x00000000bbf00000, 0x00000000d5580000)
  object space 982016K, 99% used [0x0000000080000000,0x00000000bbe8c0f0,0x00000000bbf00000)
 Metaspace       used 74964K, committed 76608K, reserved 1179648K
  class space    used 8035K, committed 8768K, reserved 1048576K
}
Event: 185.527 GC heap before
{Heap before GC invocations=1539 (full 3):
 PSYoungGen      total 8704K, used 8540K [0x00000000d5580000, 0x00000000d6280000, 0x0000000100000000)
  eden space 7168K, 99% used [0x00000000d5580000,0x00000000d5c7ffc0,0x00000000d5c80000)
  from space 1536K, 89% used [0x00000000d5c80000,0x00000000d5dd7188,0x00000000d5e00000)
  to   space 2560K, 0% used [0x00000000d6000000,0x00000000d6000000,0x00000000d6280000)
 ParOldGen       total 982016K, used 981552K [0x0000000080000000, 0x00000000bbf00000, 0x00000000d5580000)
  object space 982016K, 99% used [0x0000000080000000,0x00000000bbe8c0f0,0x00000000bbf00000)
 Metaspace       used 75554K, committed 77120K, reserved 1179648K
  class space    used 8074K, committed 8768K, reserved 1048576K
}
Event: 185.532 GC heap after
{Heap after GC invocations=1539 (full 3):
 PSYoungGen      total 7680K, used 480K [0x00000000d5580000, 0x00000000d6080000, 0x0000000100000000)
  eden space 7168K, 0% used [0x00000000d5580000,0x00000000d5580000,0x00000000d5c80000)
  from space 512K, 93% used [0x00000000d6000000,0x00000000d6078000,0x00000000d6080000)
  to   space 1024K, 0% used [0x00000000d5e80000,0x00000000d5e80000,0x00000000d5f80000)
 ParOldGen       total 982528K, used 982264K [0x0000000080000000, 0x00000000bbf80000, 0x00000000d5580000)
  object space 982528K, 99% used [0x0000000080000000,0x00000000bbf3e110,0x00000000bbf80000)
 Metaspace       used 75554K, committed 77120K, reserved 1179648K
  class space    used 8074K, committed 8768K, reserved 1048576K
}
Event: 185.718 GC heap before
{Heap before GC invocations=1540 (full 3):
 PSYoungGen      total 7680K, used 7648K [0x00000000d5580000, 0x00000000d6080000, 0x0000000100000000)
  eden space 7168K, 100% used [0x00000000d5580000,0x00000000d5c80000,0x00000000d5c80000)
  from space 512K, 93% used [0x00000000d6000000,0x00000000d6078000,0x00000000d6080000)
  to   space 1024K, 0% used [0x00000000d5e80000,0x00000000d5e80000,0x00000000d5f80000)
 ParOldGen       total 982528K, used 982264K [0x0000000080000000, 0x00000000bbf80000, 0x00000000d5580000)
  object space 982528K, 99% used [0x0000000080000000,0x00000000bbf3e110,0x00000000bbf80000)
 Metaspace       used 76116K, committed 77760K, reserved 1179648K
  class space    used 8132K, committed 8896K, reserved 1048576K
}
Event: 185.720 GC heap after
{Heap after GC invocations=1540 (full 3):
 PSYoungGen      total 8192K, used 928K [0x00000000d5580000, 0x00000000d6080000, 0x0000000100000000)
  eden space 7168K, 0% used [0x00000000d5580000,0x00000000d5580000,0x00000000d5c80000)
  from space 1024K, 90% used [0x00000000d5e80000,0x00000000d5f68000,0x00000000d5f80000)
  to   space 1024K, 0% used [0x00000000d5f80000,0x00000000d5f80000,0x00000000d6080000)
 ParOldGen       total 983040K, used 982584K [0x0000000080000000, 0x00000000bc000000, 0x00000000d5580000)
  object space 983040K, 99% used [0x0000000080000000,0x00000000bbf8e110,0x00000000bc000000)
 Metaspace       used 76116K, committed 77760K, reserved 1179648K
  class space    used 8132K, committed 8896K, reserved 1048576K
}
Event: 199.190 GC heap before
{Heap before GC invocations=1541 (full 3):
 PSYoungGen      total 8192K, used 8096K [0x00000000d5580000, 0x00000000d6080000, 0x0000000100000000)
  eden space 7168K, 100% used [0x00000000d5580000,0x00000000d5c80000,0x00000000d5c80000)
  from space 1024K, 90% used [0x00000000d5e80000,0x00000000d5f68000,0x00000000d5f80000)
  to   space 1024K, 0% used [0x00000000d5f80000,0x00000000d5f80000,0x00000000d6080000)
 ParOldGen       total 1014784K, used 1013304K [0x0000000080000000, 0x00000000bdf00000, 0x00000000d5580000)
  object space 1014784K, 99% used [0x0000000080000000,0x00000000bdd8e140,0x00000000bdf00000)
 Metaspace       used 76657K, committed 78208K, reserved 1179648K
  class space    used 8206K, committed 8896K, reserved 1048576K
}
Event: 199.192 GC heap after
{Heap after GC invocations=1541 (full 3):
 PSYoungGen      total 7680K, used 512K [0x00000000d5580000, 0x00000000d6000000, 0x0000000100000000)
  eden space 7168K, 0% used [0x00000000d5580000,0x00000000d5580000,0x00000000d5c80000)
  from space 512K, 100% used [0x00000000d5f80000,0x00000000d6000000,0x00000000d6000000)
  to   space 1024K, 0% used [0x00000000d5e00000,0x00000000d5e00000,0x00000000d5f00000)
 ParOldGen       total 1014784K, used 1014074K [0x0000000080000000, 0x00000000bdf00000, 0x00000000d5580000)
  object space 1014784K, 99% used [0x0000000080000000,0x00000000bde4e880,0x00000000bdf00000)
 Metaspace       used 76657K, committed 78208K, reserved 1179648K
  class space    used 8206K, committed 8896K, reserved 1048576K
}
Event: 205.764 GC heap before
{Heap before GC invocations=1542 (full 3):
 PSYoungGen      total 7680K, used 7679K [0x00000000d5580000, 0x00000000d6000000, 0x0000000100000000)
  eden space 7168K, 99% used [0x00000000d5580000,0x00000000d5c7fff0,0x00000000d5c80000)
  from space 512K, 100% used [0x00000000d5f80000,0x00000000d6000000,0x00000000d6000000)
  to   space 1024K, 0% used [0x00000000d5e00000,0x00000000d5e00000,0x00000000d5f00000)
 ParOldGen       total 1014784K, used 1014074K [0x0000000080000000, 0x00000000bdf00000, 0x00000000d5580000)
  object space 1014784K, 99% used [0x0000000080000000,0x00000000bde4e880,0x00000000bdf00000)
 Metaspace       used 76700K, committed 78272K, reserved 1179648K
  class space    used 8206K, committed 8896K, reserved 1048576K
}
Event: 205.768 GC heap after
{Heap after GC invocations=1542 (full 3):
 PSYoungGen      total 8192K, used 628K [0x00000000d5580000, 0x00000000d6000000, 0x0000000100000000)
  eden space 7168K, 0% used [0x00000000d5580000,0x00000000d5580000,0x00000000d5c80000)
  from space 1024K, 61% used [0x00000000d5e00000,0x00000000d5e9d200,0x00000000d5f00000)
  to   space 1024K, 0% used [0x00000000d5f00000,0x00000000d5f00000,0x00000000d6000000)
 ParOldGen       total 1014784K, used 1014226K [0x0000000080000000, 0x00000000bdf00000, 0x00000000d5580000)
  object space 1014784K, 99% used [0x0000000080000000,0x00000000bde74880,0x00000000bdf00000)
 Metaspace       used 76700K, committed 78272K, reserved 1179648K
  class space    used 8206K, committed 8896K, reserved 1048576K
}

